<?xml version="1.0" encoding="UTF-8"?>
<!-- Generated by org.testng.reporters.JUnitReportReporter -->
<testsuite hostname="Harshs-MacBook-Pro.local" failures="0" tests="1" name="useCaseTests.UseCaseExecution" time="226.644" errors="0" timestamp="2024-07-18T16:50:52 IST" skipped="0">
  <testcase classname="useCaseTests.UseCaseExecution" name="useCaseTest" time="226.644"/>
  <system-out/>
</testsuite> <!-- useCaseTests.UseCaseExecution -->
